<?xml version="1.0" encoding="UTF-8"?>
<!-- Generated by org.testng.reporters.JUnitReportReporter -->
<testsuite hostname="LAPTOP-H519OSTH" failures="0" tests="6" name="tests.AddItems" time="201.402" errors="0" timestamp="2022-10-18T23:45:52 BDT" skipped="0">
  <testcase classname="tests.AddItems" name="addOfferItems" time="30.787"/>
  <system-out/>
  <testcase classname="tests.AddItems" name="addFoodItems" time="44.507"/>
  <system-out/>
  <testcase classname="tests.AddItems" name="addBeautyItems" time="42.654"/>
  <system-out/>
  <testcase classname="tests.AddItems" name="addToyItems" time="29.121"/>
  <system-out/>
  <testcase classname="tests.AddItems" name="addPersonalCareItems" time="38.772"/>
  <system-out/>
  <testcase classname="tests.AddItems" name="searchAndAddItem" time="15.561"/>
  <system-out/>
</testsuite> <!-- tests.AddItems -->
