<?xml version="1.0" encoding="UTF-8"?>
<!-- Generated by org.testng.reporters.JUnitReportReporter -->
<testsuite hostname="LAPTOP-H519OSTH" failures="0" tests="2" name="tests.GoToCart" time="34.705" errors="0" timestamp="2022-10-18T23:45:52 BDT" skipped="0">
  <testcase classname="tests.GoToCart" name="checkout" time="26.953"/>
  <system-out/>
  <testcase classname="tests.GoToCart" name="removeItem" time="7.752"/>
  <system-out/>
</testsuite> <!-- tests.GoToCart -->
